Generated at 2020-05-30 13:05:17 -0600
Chef::Exceptions::WindowsNotAdmin: file[C:/Users/Luke/test.txt] (first_cookbook::default line 8) had an error: Chef::Exceptions::WindowsNotAdmin: can not get the security information for 'C:/Users/Luke/test.txt' due to missing Administrator privileges.
C:/opscode/chef-workstation/embedded/lib/ruby/gems/2.6.0/gems/chef-15.10.12-universal-mingw32/lib/chef/file_content_management/deploy/mv_windows.rb:63:in `rescue in deploy'
C:/opscode/chef-workstation/embedded/lib/ruby/gems/2.6.0/gems/chef-15.10.12-universal-mingw32/lib/chef/file_content_management/deploy/mv_windows.rb:56:in `deploy'
C:/opscode/chef-workstation/embedded/lib/ruby/gems/2.6.0/gems/chef-15.10.12-universal-mingw32/lib/chef/provider/file.rb:384:in `update_file_contents'
C:/opscode/chef-workstation/embedded/lib/ruby/gems/2.6.0/gems/chef-15.10.12-universal-mingw32/lib/chef/provider/file.rb:416:in `block in do_contents_changes'
C:/opscode/chef-workstation/embedded/lib/ruby/gems/2.6.0/gems/chef-15.10.12-universal-mingw32/lib/chef/mixin/why_run.rb:51:in `add_action'
C:/opscode/chef-workstation/embedded/lib/ruby/gems/2.6.0/gems/chef-15.10.12-universal-mingw32/lib/chef/provider.rb:234:in `converge_by'
C:/opscode/chef-workstation/embedded/lib/ruby/gems/2.6.0/gems/chef-15.10.12-universal-mingw32/lib/chef/provider/file.rb:415:in `do_contents_changes'
C:/opscode/chef-workstation/embedded/lib/ruby/gems/2.6.0/gems/chef-15.10.12-universal-mingw32/lib/chef/provider/file.rb:145:in `action_create'
C:/opscode/chef-workstation/embedded/lib/ruby/gems/2.6.0/gems/chef-15.10.12-universal-mingw32/lib/chef/provider.rb:189:in `run_action'
C:/opscode/chef-workstation/embedded/lib/ruby/gems/2.6.0/gems/chef-15.10.12-universal-mingw32/lib/chef/resource.rb:586:in `run_action'
C:/opscode/chef-workstation/embedded/lib/ruby/gems/2.6.0/gems/chef-15.10.12-universal-mingw32/lib/chef/runner.rb:74:in `run_action'
C:/opscode/chef-workstation/embedded/lib/ruby/gems/2.6.0/gems/chef-15.10.12-universal-mingw32/lib/chef/runner.rb:108:in `block in run_all_actions'
C:/opscode/chef-workstation/embedded/lib/ruby/gems/2.6.0/gems/chef-15.10.12-universal-mingw32/lib/chef/runner.rb:108:in `each'
C:/opscode/chef-workstation/embedded/lib/ruby/gems/2.6.0/gems/chef-15.10.12-universal-mingw32/lib/chef/runner.rb:108:in `run_all_actions'
C:/opscode/chef-workstation/embedded/lib/ruby/gems/2.6.0/gems/chef-15.10.12-universal-mingw32/lib/chef/runner.rb:132:in `block in converge'
C:/opscode/chef-workstation/embedded/lib/ruby/gems/2.6.0/gems/chef-15.10.12-universal-mingw32/lib/chef/resource_collection/resource_list.rb:96:in `block in execute_each_resource'
C:/opscode/chef-workstation/embedded/lib/ruby/gems/2.6.0/gems/chef-15.10.12-universal-mingw32/lib/chef/resource_collection/stepable_iterator.rb:115:in `call_iterator_block'
C:/opscode/chef-workstation/embedded/lib/ruby/gems/2.6.0/gems/chef-15.10.12-universal-mingw32/lib/chef/resource_collection/stepable_iterator.rb:86:in `step'
C:/opscode/chef-workstation/embedded/lib/ruby/gems/2.6.0/gems/chef-15.10.12-universal-mingw32/lib/chef/resource_collection/stepable_iterator.rb:104:in `iterate'
C:/opscode/chef-workstation/embedded/lib/ruby/gems/2.6.0/gems/chef-15.10.12-universal-mingw32/lib/chef/resource_collection/stepable_iterator.rb:55:in `each_with_index'
C:/opscode/chef-workstation/embedded/lib/ruby/gems/2.6.0/gems/chef-15.10.12-universal-mingw32/lib/chef/resource_collection/resource_list.rb:94:in `execute_each_resource'
C:/opscode/chef-workstation/embedded/lib/ruby/2.6.0/forwardable.rb:230:in `execute_each_resource'
C:/opscode/chef-workstation/embedded/lib/ruby/gems/2.6.0/gems/chef-15.10.12-universal-mingw32/lib/chef/runner.rb:130:in `converge'
C:/opscode/chef-workstation/embedded/lib/ruby/gems/2.6.0/gems/chef-15.10.12-universal-mingw32/lib/chef/client.rb:712:in `block in converge'
C:/opscode/chef-workstation/embedded/lib/ruby/gems/2.6.0/gems/chef-15.10.12-universal-mingw32/lib/chef/client.rb:707:in `catch'
C:/opscode/chef-workstation/embedded/lib/ruby/gems/2.6.0/gems/chef-15.10.12-universal-mingw32/lib/chef/client.rb:707:in `converge'
C:/opscode/chef-workstation/embedded/lib/ruby/gems/2.6.0/gems/chef-15.10.12-universal-mingw32/lib/chef/client.rb:731:in `converge_and_save'
C:/opscode/chef-workstation/embedded/lib/ruby/gems/2.6.0/gems/chef-15.10.12-universal-mingw32/lib/chef/client.rb:288:in `run'
C:/opscode/chef-workstation/embedded/lib/ruby/gems/2.6.0/gems/chef-15.10.12-universal-mingw32/lib/chef/application.rb:320:in `run_with_graceful_exit_option'
C:/opscode/chef-workstation/embedded/lib/ruby/gems/2.6.0/gems/chef-15.10.12-universal-mingw32/lib/chef/application.rb:296:in `block in run_chef_client'
C:/opscode/chef-workstation/embedded/lib/ruby/gems/2.6.0/gems/chef-15.10.12-universal-mingw32/lib/chef/local_mode.rb:42:in `with_server_connectivity'
C:/opscode/chef-workstation/embedded/lib/ruby/gems/2.6.0/gems/chef-15.10.12-universal-mingw32/lib/chef/application.rb:279:in `run_chef_client'
C:/opscode/chef-workstation/embedded/lib/ruby/gems/2.6.0/gems/chef-15.10.12-universal-mingw32/lib/chef/application/base.rb:330:in `run_application'
C:/opscode/chef-workstation/embedded/lib/ruby/gems/2.6.0/gems/chef-15.10.12-universal-mingw32/lib/chef/application.rb:68:in `run'
C:/opscode/chef-workstation/embedded/lib/ruby/gems/2.6.0/gems/chef-bin-15.10.12/bin/chef-client:25:in `<top (required)>'
C:/opscode/chef-workstation/bin/chef-client:383:in `load'
C:/opscode/chef-workstation/bin/chef-client:383:in `<main>'

>>>> Caused by Chef::Exceptions::Win32APIError: A required privilege is not held by the client.
get_named_security_info(C:/Users/Luke/test.txt, SE_FILE_OBJECT, 15)---- Begin Win32 API output ----
System Error Code: 1314
System Error Message: A required privilege is not held by the client.
---- End Win32 API output ----

C:/opscode/chef-workstation/embedded/lib/ruby/gems/2.6.0/gems/chef-15.10.12-universal-mingw32/lib/chef/win32/error.rb:81:in `raise!'
C:/opscode/chef-workstation/embedded/lib/ruby/gems/2.6.0/gems/chef-15.10.12-universal-mingw32/lib/chef/win32/security.rb:252:in `get_named_security_info'
C:/opscode/chef-workstation/embedded/lib/ruby/gems/2.6.0/gems/chef-15.10.12-universal-mingw32/lib/chef/win32/security/securable_object.rb:66:in `block in security_descriptor'
C:/opscode/chef-workstation/embedded/lib/ruby/gems/2.6.0/gems/chef-15.10.12-universal-mingw32/lib/chef/win32/security.rb:644:in `with_privileges'
C:/opscode/chef-workstation/embedded/lib/ruby/gems/2.6.0/gems/chef-15.10.12-universal-mingw32/lib/chef/win32/security/securable_object.rb:65:in `security_descriptor'
C:/opscode/chef-workstation/embedded/lib/ruby/gems/2.6.0/gems/chef-15.10.12-universal-mingw32/lib/chef/file_content_management/deploy/mv_windows.rb:58:in `deploy'
C:/opscode/chef-workstation/embedded/lib/ruby/gems/2.6.0/gems/chef-15.10.12-universal-mingw32/lib/chef/provider/file.rb:384:in `update_file_contents'
C:/opscode/chef-workstation/embedded/lib/ruby/gems/2.6.0/gems/chef-15.10.12-universal-mingw32/lib/chef/provider/file.rb:416:in `block in do_contents_changes'
C:/opscode/chef-workstation/embedded/lib/ruby/gems/2.6.0/gems/chef-15.10.12-universal-mingw32/lib/chef/mixin/why_run.rb:51:in `add_action'
C:/opscode/chef-workstation/embedded/lib/ruby/gems/2.6.0/gems/chef-15.10.12-universal-mingw32/lib/chef/provider.rb:234:in `converge_by'
C:/opscode/chef-workstation/embedded/lib/ruby/gems/2.6.0/gems/chef-15.10.12-universal-mingw32/lib/chef/provider/file.rb:415:in `do_contents_changes'
C:/opscode/chef-workstation/embedded/lib/ruby/gems/2.6.0/gems/chef-15.10.12-universal-mingw32/lib/chef/provider/file.rb:145:in `action_create'
C:/opscode/chef-workstation/embedded/lib/ruby/gems/2.6.0/gems/chef-15.10.12-universal-mingw32/lib/chef/provider.rb:189:in `run_action'
C:/opscode/chef-workstation/embedded/lib/ruby/gems/2.6.0/gems/chef-15.10.12-universal-mingw32/lib/chef/resource.rb:586:in `run_action'
C:/opscode/chef-workstation/embedded/lib/ruby/gems/2.6.0/gems/chef-15.10.12-universal-mingw32/lib/chef/runner.rb:74:in `run_action'
C:/opscode/chef-workstation/embedded/lib/ruby/gems/2.6.0/gems/chef-15.10.12-universal-mingw32/lib/chef/runner.rb:108:in `block in run_all_actions'
C:/opscode/chef-workstation/embedded/lib/ruby/gems/2.6.0/gems/chef-15.10.12-universal-mingw32/lib/chef/runner.rb:108:in `each'
C:/opscode/chef-workstation/embedded/lib/ruby/gems/2.6.0/gems/chef-15.10.12-universal-mingw32/lib/chef/runner.rb:108:in `run_all_actions'
C:/opscode/chef-workstation/embedded/lib/ruby/gems/2.6.0/gems/chef-15.10.12-universal-mingw32/lib/chef/runner.rb:132:in `block in converge'
C:/opscode/chef-workstation/embedded/lib/ruby/gems/2.6.0/gems/chef-15.10.12-universal-mingw32/lib/chef/resource_collection/resource_list.rb:96:in `block in execute_each_resource'
C:/opscode/chef-workstation/embedded/lib/ruby/gems/2.6.0/gems/chef-15.10.12-universal-mingw32/lib/chef/resource_collection/stepable_iterator.rb:115:in `call_iterator_block'
C:/opscode/chef-workstation/embedded/lib/ruby/gems/2.6.0/gems/chef-15.10.12-universal-mingw32/lib/chef/resource_collection/stepable_iterator.rb:86:in `step'
C:/opscode/chef-workstation/embedded/lib/ruby/gems/2.6.0/gems/chef-15.10.12-universal-mingw32/lib/chef/resource_collection/stepable_iterator.rb:104:in `iterate'
C:/opscode/chef-workstation/embedded/lib/ruby/gems/2.6.0/gems/chef-15.10.12-universal-mingw32/lib/chef/resource_collection/stepable_iterator.rb:55:in `each_with_index'
C:/opscode/chef-workstation/embedded/lib/ruby/gems/2.6.0/gems/chef-15.10.12-universal-mingw32/lib/chef/resource_collection/resource_list.rb:94:in `execute_each_resource'
C:/opscode/chef-workstation/embedded/lib/ruby/2.6.0/forwardable.rb:230:in `execute_each_resource'
C:/opscode/chef-workstation/embedded/lib/ruby/gems/2.6.0/gems/chef-15.10.12-universal-mingw32/lib/chef/runner.rb:130:in `converge'
C:/opscode/chef-workstation/embedded/lib/ruby/gems/2.6.0/gems/chef-15.10.12-universal-mingw32/lib/chef/client.rb:712:in `block in converge'
C:/opscode/chef-workstation/embedded/lib/ruby/gems/2.6.0/gems/chef-15.10.12-universal-mingw32/lib/chef/client.rb:707:in `catch'
C:/opscode/chef-workstation/embedded/lib/ruby/gems/2.6.0/gems/chef-15.10.12-universal-mingw32/lib/chef/client.rb:707:in `converge'
C:/opscode/chef-workstation/embedded/lib/ruby/gems/2.6.0/gems/chef-15.10.12-universal-mingw32/lib/chef/client.rb:731:in `converge_and_save'
C:/opscode/chef-workstation/embedded/lib/ruby/gems/2.6.0/gems/chef-15.10.12-universal-mingw32/lib/chef/client.rb:288:in `run'
C:/opscode/chef-workstation/embedded/lib/ruby/gems/2.6.0/gems/chef-15.10.12-universal-mingw32/lib/chef/application.rb:320:in `run_with_graceful_exit_option'
C:/opscode/chef-workstation/embedded/lib/ruby/gems/2.6.0/gems/chef-15.10.12-universal-mingw32/lib/chef/application.rb:296:in `block in run_chef_client'
C:/opscode/chef-workstation/embedded/lib/ruby/gems/2.6.0/gems/chef-15.10.12-universal-mingw32/lib/chef/local_mode.rb:42:in `with_server_connectivity'
C:/opscode/chef-workstation/embedded/lib/ruby/gems/2.6.0/gems/chef-15.10.12-universal-mingw32/lib/chef/application.rb:279:in `run_chef_client'
C:/opscode/chef-workstation/embedded/lib/ruby/gems/2.6.0/gems/chef-15.10.12-universal-mingw32/lib/chef/application/base.rb:330:in `run_application'
C:/opscode/chef-workstation/embedded/lib/ruby/gems/2.6.0/gems/chef-15.10.12-universal-mingw32/lib/chef/application.rb:68:in `run'
C:/opscode/chef-workstation/embedded/lib/ruby/gems/2.6.0/gems/chef-bin-15.10.12/bin/chef-client:25:in `<top (required)>'
C:/opscode/chef-workstation/bin/chef-client:383:in `load'
C:/opscode/chef-workstation/bin/chef-client:383:in `<main>'